        -:    0:Source:importData.cc
        -:    1://this file uses iostream and sstream to grab the data from the CSV file
        -:    2:
        -:    3:#include "importData.h"
        -:    4:#include <fstream>
        -:    5:#include <iostream>
        -:    6:#include <sstream>
        -:    7:using namespace std;
        -:    8:
        -:    9:
        9:   10:int importFile(const string& filename, SleepData arr[], int size){
        9:   11:    ifstream file(filename);
        9:   12:    if(!file.is_open()){
        1:   13:        cout << "Unable to open file\n";
        1:   14:        return 0;
        -:   15:    }
        -:   16:
        8:   17:    string line;
        8:   18:    getline(file, line);
        -:   19:
        8:   20:    int count = 0;
        -:   21:
        -:   22:    //parsing the csv file
       18:   23:    while (getline(file, line) && count < size){
       10:   24:        stringstream ss(line);
       10:   25:        SleepData d;
       10:   26:        string temp;
        -:   27:
       10:   28:        getline(ss, temp, ','); //Person ID gets ignored
        -:   29:
       10:   30:        getline(ss, d.gender, ',');
       10:   31:        getline(ss, temp, ',');
       10:   32:        d.age = stoi(temp);
       10:   33:        getline(ss, d.occupation, ',');
       10:   34:        getline(ss, temp, ',');
       10:   35:        d.sleepDuration = stod(temp);
        -:   36:
       10:   37:        getline(ss, temp, ',');
       10:   38:        d.sleepQuality = stoi(temp);
        -:   39:
       10:   40:        getline(ss, temp, ',');
       10:   41:        d.physicalActivity = stoi(temp);
        -:   42:
       10:   43:        getline(ss, temp, ',');
       10:   44:        d.stressLevel = stoi(temp);
        -:   45:
       10:   46:        string skip;
        -:   47:
        -:   48:
        -:   49:        //unused data
       10:   50:        getline(ss, skip, ','); // BMI
       10:   51:        getline(ss, skip, ','); // Blood Pressure
       10:   52:        getline(ss, skip, ','); // Heart Rate
       10:   53:        getline(ss, skip, ','); // Daily Steps
       10:   54:        getline(ss, skip, ','); // Sleep Disorder
        -:   55:
        -:   56:
       10:   57:        arr[count++] = d;
        -:   58:
       10:   59:    }
        -:   60:
        8:   61:    return count;
        -:   62:
        -:   63:
        9:   64:}
